<?xml version="1.0" encoding="UTF-8"?>
<!-- Generated by org.testng.reporters.JUnitReportReporter -->
<testsuite skipped="0" hostname="MSI" name="webDriverAdvanced.HCL.Log4j" tests="1" failures="0" timestamp="2021-08-02T14:14:15 IST" time="0.019" errors="0">
  <testcase name="log" time="0.019" classname="webDriverAdvanced.HCL.Log4j"/>
  <system-out/>
</testsuite> <!-- webDriverAdvanced.HCL.Log4j -->
