<?xml version="1.0" encoding="UTF-8"?>
<!-- Generated by org.testng.reporters.JUnitReportReporter -->
<testsuite skipped="0" hostname="MSI" name="junit.HCL.Calculator_TestNg" tests="1" failures="0" timestamp="2021-07-08T18:58:57 IST" time="0.009" errors="0">
  <testcase name="f" time="0.009" classname="junit.HCL.Calculator_TestNg"/>
  <system-out/>
</testsuite> <!-- junit.HCL.Calculator_TestNg -->
