<?xml version="1.0" encoding="UTF-8"?>
<!-- Generated by org.testng.reporters.JUnitReportReporter -->
<testsuite skipped="0" hostname="MSI" name="webDriver.HCL.Frames" tests="1" failures="0" timestamp="2021-07-18T20:25:49 IST" time="17.110" errors="0">
  <testcase name="f" time="17.110" classname="webDriver.HCL.Frames"/>
  <system-out/>
</testsuite> <!-- webDriver.HCL.Frames -->
