<?xml version="1.0" encoding="UTF-8"?>
<!-- Generated by org.testng.reporters.JUnitReportReporter -->
<testsuite skipped="0" hostname="MSI" name="webDriverAdvanced.HCL.ConfigProperties_Upload_ToolTip" tests="1" failures="0" timestamp="2021-07-26T11:59:53 IST" time="28.223" errors="0">
  <testcase name="config_properties_Upload_ToolTip" time="28.223" classname="webDriverAdvanced.HCL.ConfigProperties_Upload_ToolTip"/>
  <system-out/>
</testsuite> <!-- webDriverAdvanced.HCL.ConfigProperties_Upload_ToolTip -->
