<?xml version="1.0" encoding="UTF-8"?>
<!-- Generated by org.testng.reporters.JUnitReportReporter -->
<testsuite skipped="0" hostname="MSI" name="junitandTestNg.HCL.LearnDataProvider" tests="3" failures="0" timestamp="2021-07-13T10:50:14 IST" time="0.015" errors="0">
  <testcase name="assertadd" time="0.012" classname="junitandTestNg.HCL.LearnDataProvider"/>
  <system-out/>
  <testcase name="assertadd" time="0.001" classname="junitandTestNg.HCL.LearnDataProvider"/>
  <system-out/>
  <testcase name="assertadd" time="0.002" classname="junitandTestNg.HCL.LearnDataProvider"/>
  <system-out/>
</testsuite> <!-- junitandTestNg.HCL.LearnDataProvider -->
