<?xml version="1.0" encoding="UTF-8"?>
<!-- Generated by org.testng.reporters.JUnitReportReporter -->
<testsuite skipped="0" hostname="MSI" name="webDriver.HCL.Waits" tests="1" failures="0" timestamp="2021-07-19T12:47:36 IST" time="22.789" errors="0">
  <testcase name="waits" time="22.789" classname="webDriver.HCL.Waits"/>
  <system-out/>
</testsuite> <!-- webDriver.HCL.Waits -->
