<?xml version="1.0" encoding="UTF-8"?>
<!-- Generated by org.testng.reporters.JUnitReportReporter -->
<testsuite skipped="0" hostname="MSI" name="webDriver.HCL.DropDowns" tests="1" failures="0" timestamp="2021-07-15T01:29:00 IST" time="37.538" errors="0">
  <testcase name="dropDowns" time="37.538" classname="webDriver.HCL.DropDowns"/>
  <system-out/>
</testsuite> <!-- webDriver.HCL.DropDowns -->
