<?xml version="1.0" encoding="UTF-8"?>
<!-- Generated by org.testng.reporters.JUnitReportReporter -->
<testsuite skipped="0" hostname="MSI" name="junitandTestNg.HCL.Prioritization" tests="3" failures="0" timestamp="2021-07-12T18:53:24 IST" time="0.012" errors="0">
  <testcase name="a" time="0.009" classname="junitandTestNg.HCL.Prioritization"/>
  <system-out/>
  <testcase name="b" time="0.002" classname="junitandTestNg.HCL.Prioritization"/>
  <system-out/>
  <testcase name="c" time="0.001" classname="junitandTestNg.HCL.Prioritization"/>
  <system-out/>
</testsuite> <!-- junitandTestNg.HCL.Prioritization -->
