<?xml version="1.0" encoding="UTF-8"?>
<!-- Generated by org.testng.reporters.JUnitReportReporter -->
<testsuite skipped="0" hostname="MSI" name="webDriverBasics.HCL.Frames" tests="1" failures="0" timestamp="2021-07-20T10:39:14 IST" time="27.851" errors="0">
  <testcase name="f" time="27.851" classname="webDriverBasics.HCL.Frames"/>
  <system-out/>
</testsuite> <!-- webDriverBasics.HCL.Frames -->
