<?xml version="1.0" encoding="UTF-8"?>
<!-- Generated by org.testng.reporters.JUnitReportReporter -->
<testsuite skipped="0" hostname="MSI" name="junitandTestNg.HCL.DependsOnMethods" tests="2" failures="0" timestamp="2021-07-10T16:22:34 IST" time="0.009" errors="0">
  <testcase name="launch" time="0.008" classname="junitandTestNg.HCL.DependsOnMethods"/>
  <system-out/>
  <testcase name="enterusername" time="0.001" classname="junitandTestNg.HCL.DependsOnMethods"/>
  <system-out/>
</testsuite> <!-- junitandTestNg.HCL.DependsOnMethods -->
