<?xml version="1.0" encoding="UTF-8"?>
<!-- Generated by org.testng.reporters.JUnitReportReporter -->
<testsuite skipped="0" hostname="MSI" name="webDriver.HCL.CheckBox" tests="1" failures="0" timestamp="2021-07-15T00:34:28 IST" time="26.757" errors="0">
  <testcase name="checkBox" time="26.757" classname="webDriver.HCL.CheckBox"/>
  <system-out/>
</testsuite> <!-- webDriver.HCL.CheckBox -->
