<?xml version="1.0" encoding="UTF-8"?>
<!-- Generated by org.testng.reporters.JUnitReportReporter -->
<testsuite skipped="0" hostname="MSI" name="webDriver.HCL.DoAlerts" tests="1" failures="0" timestamp="2021-07-18T20:09:24 IST" time="35.437" errors="0">
  <testcase name="f" time="35.437" classname="webDriver.HCL.DoAlerts"/>
  <system-out/>
</testsuite> <!-- webDriver.HCL.DoAlerts -->
