<?xml version="1.0" encoding="UTF-8"?>
<!-- Generated by org.testng.reporters.JUnitReportReporter -->
<testsuite skipped="0" hostname="MSI" name="webDriverAdvanced.HCL.Cookies" tests="1" failures="0" timestamp="2021-07-26T17:56:14 IST" time="11.160" errors="0">
  <testcase name="learnCookies" time="11.160" classname="webDriverAdvanced.HCL.Cookies"/>
  <system-out/>
</testsuite> <!-- webDriverAdvanced.HCL.Cookies -->
