<?xml version="1.0" encoding="UTF-8"?>
<!-- Generated by org.testng.reporters.JUnitReportReporter -->
<testsuite skipped="0" hostname="MSI" name="webDriverAdvanced.HCL.Testing" tests="1" failures="0" timestamp="2021-07-25T22:17:17 IST" time="31.067" errors="0">
  <testcase name="f" time="31.067" classname="webDriverAdvanced.HCL.Testing"/>
  <system-out/>
</testsuite> <!-- webDriverAdvanced.HCL.Testing -->
