<?xml version="1.0" encoding="UTF-8"?>
<!-- Generated by org.testng.reporters.JUnitReportReporter -->
<testsuite skipped="0" hostname="MSI" name="junitandTestNg.HCL.Calculator_TestNg" tests="1" failures="0" timestamp="2021-07-21T00:58:24 IST" time="0.019" errors="0">
  <testcase name="asserts" time="0.019" classname="junitandTestNg.HCL.Calculator_TestNg"/>
  <system-out>
Executed Class 1  </system-out>
</testsuite> <!-- junitandTestNg.HCL.Calculator_TestNg -->
