<?xml version="1.0" encoding="UTF-8"?>
<!-- Generated by org.testng.reporters.JUnitReportReporter -->
<testsuite skipped="0" hostname="MSI" name="webDriverAdvanced.HCL.OrderedandUnorderedList" tests="1" failures="0" timestamp="2021-07-20T19:07:07 IST" time="45.179" errors="0">
  <testcase name="orderedAndUnordered_List" time="45.179" classname="webDriverAdvanced.HCL.OrderedandUnorderedList"/>
  <system-out/>
</testsuite> <!-- webDriverAdvanced.HCL.OrderedandUnorderedList -->
