<?xml version="1.0" encoding="UTF-8"?>
<!-- Generated by org.testng.reporters.JUnitReportReporter -->
<testsuite skipped="0" hostname="MSI" name="webDriverAdvanced.HCL.PomAttributesTest" tests="1" failures="0" timestamp="2021-07-21T21:45:50 IST" time="19.490" errors="0">
  <testcase name="PomImplementation" time="19.490" classname="webDriverAdvanced.HCL.PomAttributesTest"/>
  <system-out/>
</testsuite> <!-- webDriverAdvanced.HCL.PomAttributesTest -->
