<?xml version="1.0" encoding="UTF-8"?>
<!-- Generated by org.testng.reporters.JUnitReportReporter -->
<testsuite skipped="0" hostname="MSI" name="webDriverAdvanced.HCL.ScreenShots" tests="1" failures="0" timestamp="2021-07-20T20:43:07 IST" time="29.181" errors="0">
  <testcase name="getScreenshot" time="29.181" classname="webDriverAdvanced.HCL.ScreenShots"/>
  <system-out/>
</testsuite> <!-- webDriverAdvanced.HCL.ScreenShots -->
