<?xml version="1.0" encoding="UTF-8"?>
<!-- Generated by org.testng.reporters.JUnitReportReporter -->
<testsuite skipped="0" hostname="MSI" name="webDriver.HCL.HyperLinks" tests="1" failures="0" timestamp="2021-07-14T17:48:51 IST" time="8.433" errors="0">
  <testcase name="hyperLinks" time="8.433" classname="webDriver.HCL.HyperLinks"/>
  <system-out/>
</testsuite> <!-- webDriver.HCL.HyperLinks -->
