<?xml version="1.0" encoding="UTF-8"?>
<!-- Generated by org.testng.reporters.JUnitReportReporter -->
<testsuite skipped="0" hostname="MSI" name="junitandTestNg.HCL.Annotations_Check" tests="1" failures="0" timestamp="2021-07-09T18:56:15 IST" time="0.003" errors="0">
  <testcase name="Boolean_Check" time="0.003" classname="junitandTestNg.HCL.Annotations_Check"/>
  <system-out/>
</testsuite> <!-- junitandTestNg.HCL.Annotations_Check -->
