<?xml version="1.0" encoding="UTF-8"?>
<!-- Generated by org.testng.reporters.JUnitReportReporter -->
<testsuite skipped="0" hostname="MSI" name="webDriver.HCL.TextFields" tests="1" failures="0" timestamp="2021-07-14T17:02:14 IST" time="9.566" errors="0">
  <testcase name="textfields" time="9.566" classname="webDriver.HCL.TextFields"/>
  <system-out/>
</testsuite> <!-- webDriver.HCL.TextFields -->
