<?xml version="1.0" encoding="UTF-8"?>
<!-- Generated by org.testng.reporters.JUnitReportReporter -->
<testsuite skipped="0" hostname="MSI" name="junitandTestNg.HCL.NewTest" tests="2" failures="0" timestamp="2021-07-10T15:36:56 IST" time="0.007" errors="0">
  <testcase name="enterusername" time="0.001" classname="junitandTestNg.HCL.NewTest"/>
  <system-out/>
  <testcase name="launch" time="0.006" classname="junitandTestNg.HCL.NewTest"/>
  <system-out/>
</testsuite> <!-- junitandTestNg.HCL.NewTest -->
