<?xml version="1.0" encoding="UTF-8"?>
<!-- Generated by org.testng.reporters.JUnitReportReporter -->
<testsuite skipped="0" hostname="MSI" name="junitandTestNg.HCL.LearnGroups" tests="1" failures="0" timestamp="2021-07-12T19:38:43 IST" time="0.009" errors="0">
  <testcase name="regression" time="0.009" classname="junitandTestNg.HCL.LearnGroups"/>
  <system-out/>
</testsuite> <!-- junitandTestNg.HCL.LearnGroups -->
