<?xml version="1.0" encoding="UTF-8"?>
<!-- Generated by org.testng.reporters.JUnitReportReporter -->
<testsuite skipped="0" hostname="MSI" name="webDriverAdvanced.HCL.Js_ScrollDown" tests="1" failures="0" timestamp="2021-07-21T22:47:43 IST" time="33.934" errors="0">
  <testcase name="Js_scrolldown" time="33.934" classname="webDriverAdvanced.HCL.Js_ScrollDown"/>
  <system-out/>
</testsuite> <!-- webDriverAdvanced.HCL.Js_ScrollDown -->
