<?xml version="1.0" encoding="UTF-8"?>
<!-- Generated by org.testng.reporters.JUnitReportReporter -->
<testsuite skipped="0" hostname="MSI" name="webDriverAdvanced.HCL.Js_DatePicker" tests="1" failures="0" timestamp="2021-07-21T22:00:35 IST" time="26.425" errors="0">
  <testcase name="Js_datePicker" time="26.425" classname="webDriverAdvanced.HCL.Js_DatePicker"/>
  <system-out/>
</testsuite> <!-- webDriverAdvanced.HCL.Js_DatePicker -->
