<?xml version="1.0" encoding="UTF-8"?>
<!-- Generated by org.testng.reporters.JUnitReportReporter -->
<testsuite skipped="0" hostname="MSI" name="webDriver.HCL.RadioButton" tests="1" failures="0" timestamp="2021-07-15T00:26:56 IST" time="25.860" errors="0">
  <testcase name="readioButton" time="25.860" classname="webDriver.HCL.RadioButton"/>
  <system-out/>
</testsuite> <!-- webDriver.HCL.RadioButton -->
