<?xml version="1.0" encoding="UTF-8"?>
<!-- Generated by org.testng.reporters.JUnitReportReporter -->
<testsuite skipped="0" hostname="MSI" name="cucumber_Runner.Cucumber_Runner" tests="1" failures="0" timestamp="2021-07-27T15:10:01 IST" time="15.488" errors="0">
  <testcase name="runScenario" time="15.488" classname="cucumber_Runner.Cucumber_Runner"/>
  <system-out/>
</testsuite> <!-- cucumber_Runner.Cucumber_Runner -->
