<?xml version="1.0" encoding="UTF-8"?>
<!-- Generated by org.testng.reporters.JUnitReportReporter -->
<testsuite skipped="0" hostname="MSI" name="webDriver.HCL.WindowHandling" tests="1" failures="0" timestamp="2021-07-19T01:16:08 IST" time="37.072" errors="0">
  <testcase name="windowHandling" time="37.072" classname="webDriver.HCL.WindowHandling"/>
  <system-out/>
</testsuite> <!-- webDriver.HCL.WindowHandling -->
