<?xml version="1.0" encoding="UTF-8"?>
<!-- Generated by org.testng.reporters.JUnitReportReporter -->
<testsuite skipped="0" hostname="MSI" name="webDriverAdvanced.HCL.Upload_Download" tests="1" failures="0" timestamp="2021-07-26T18:48:45 IST" time="26.333" errors="0">
  <testcase name="upload_Download" time="26.333" classname="webDriverAdvanced.HCL.Upload_Download"/>
  <system-out/>
</testsuite> <!-- webDriverAdvanced.HCL.Upload_Download -->
